0 info it worked if it ends with ok
1 verbose cli [ '/home/student/.nvm/versions/node/v6.10.0/bin/node',
1 verbose cli   '/home/student/.nvm/versions/node/v6.10.0/bin/npm',
1 verbose cli   'run',
1 verbose cli   'test' ]
2 info using npm@3.10.10
3 info using node@v6.10.0
4 verbose run-script [ 'pretest', 'test', 'posttest' ]
5 info lifecycle boilerplate-react-redux@0.1.0~pretest: boilerplate-react-redux@0.1.0
6 silly lifecycle boilerplate-react-redux@0.1.0~pretest: no script for pretest, continuing
7 info lifecycle boilerplate-react-redux@0.1.0~test: boilerplate-react-redux@0.1.0
8 verbose lifecycle boilerplate-react-redux@0.1.0~test: unsafe-perm in lifecycle true
9 verbose lifecycle boilerplate-react-redux@0.1.0~test: PATH: /home/student/.nvm/versions/node/v6.10.0/lib/node_modules/npm/bin/node-gyp-bin:/home/student/workspace/flatmate/node_modules/.bin:/home/student/.nvm/versions/node/v6.10.0/bin:/usr/local/sbin:/usr/local/bin:/usr/sbin:/usr/bin:/sbin:/bin:/usr/games:/usr/local/games
10 verbose lifecycle boilerplate-react-redux@0.1.0~test: CWD: /home/student/workspace/flatmate
11 silly lifecycle boilerplate-react-redux@0.1.0~test: Args: [ '-c',
11 silly lifecycle   'tape -r babel-register \'test/**/*.test.js\' | tap-diff' ]
12 info lifecycle boilerplate-react-redux@0.1.0~test: Failed to exec test script
13 verbose stack Error: boilerplate-react-redux@0.1.0 test: `tape -r babel-register 'test/**/*.test.js' | tap-diff`
13 verbose stack spawn ENOENT
13 verbose stack     at ChildProcess.<anonymous> (/home/student/.nvm/versions/node/v6.10.0/lib/node_modules/npm/lib/utils/spawn.js:33:16)
13 verbose stack     at emitTwo (events.js:106:13)
13 verbose stack     at ChildProcess.emit (events.js:191:7)
13 verbose stack     at maybeClose (internal/child_process.js:877:16)
13 verbose stack     at Process.ChildProcess._handle.onexit (internal/child_process.js:226:5)
14 verbose pkgid boilerplate-react-redux@0.1.0
15 verbose cwd /home/student/workspace/flatmate
16 error Linux 4.8.0-41-generic
17 error argv "/home/student/.nvm/versions/node/v6.10.0/bin/node" "/home/student/.nvm/versions/node/v6.10.0/bin/npm" "run" "test"
18 error node v6.10.0
19 error npm  v3.10.10
20 error file sh
21 error code ELIFECYCLE
22 error errno ENOENT
23 error syscall spawn
24 error boilerplate-react-redux@0.1.0 test: `tape -r babel-register 'test/**/*.test.js' | tap-diff`
24 error spawn ENOENT
25 error Failed at the boilerplate-react-redux@0.1.0 test script 'tape -r babel-register 'test/**/*.test.js' | tap-diff'.
25 error Make sure you have the latest version of node.js and npm installed.
25 error If you do, this is most likely a problem with the boilerplate-react-redux package,
25 error not with npm itself.
25 error Tell the author that this fails on your system:
25 error     tape -r babel-register 'test/**/*.test.js' | tap-diff
25 error You can get information on how to open an issue for this project with:
25 error     npm bugs boilerplate-react-redux
25 error Or if that isn't available, you can get their info via:
25 error     npm owner ls boilerplate-react-redux
25 error There is likely additional logging output above.
26 verbose exit [ 1, true ]
